# JRE version: OpenJDK Runtime Environment Temurin-21.0.10+7 (21.0.10+7) (build 21.0.10+7-LTS)
# Java VM: OpenJDK 64-Bit Server VM Temurin-21.0.10+7 (21.0.10+7-LTS, mixed mode, sharing, tiered, compressed oops, compressed class ptrs, parallel gc, windows-amd64)
GC Precious Log:
 CardTable entry size: 512
 CPUs: 16 total, 16 available
 Memory: 15996M
 Large Page Support: Disabled
 NUMA Support: Disabled
 Compressed Oops: Enabled (32-bit)
 Alignments: Space 512K, Generation 512K, Heap 2M
 Heap Min Capacity: 100M
 Heap Initial Capacity: 100M
 Heap Max Capacity: 2G
 Pre-touch: Disabled
 Parallel Workers: 13
Heap:
 PSYoungGen      total 13824K, used 5474K [0x00000000d5580000, 0x00000000d6400000, 0x0000000100000000)
  eden space 12800K, 39% used [0x00000000d5580000,0x00000000d5a688d8,0x00000000d6200000)
  from space 1024K, 43% used [0x00000000d6200000,0x00000000d6270000,0x00000000d6300000)
  to   space 512K, 0% used [0x00000000d6380000,0x00000000d6380000,0x00000000d6400000)
 ParOldGen       total 171520K, used 167760K [0x0000000080000000, 0x000000008a780000, 0x00000000d5580000)
  object space 171520K, 97% used [0x0000000080000000,0x000000008a3d40e8,0x000000008a780000)
 Metaspace       used 80105K, committed 81856K, reserved 1179648K
  class space    used 8148K, committed 8960K, reserved 1048576K
GC Heap History (20 events):
Event: 332.160 GC heap before
{Heap before GC invocations=1793 (full 3):
 PSYoungGen      total 15360K, used 15074K [0x00000000d5580000, 0x00000000d6600000, 0x0000000100000000)
  eden space 14336K, 100% used [0x00000000d5580000,0x00000000d6380000,0x00000000d6380000)
  from space 1024K, 72% used [0x00000000d6480000,0x00000000d6538b80,0x00000000d6580000)
  to   space 512K, 0% used [0x00000000d6580000,0x00000000d6580000,0x00000000d6600000)
 ParOldGen       total 1366016K, used 1365873K [0x0000000080000000, 0x00000000d3600000, 0x00000000d5580000)
  object space 1366016K, 99% used [0x0000000080000000,0x00000000d35dc658,0x00000000d3600000)
 Metaspace       used 80459K, committed 82176K, reserved 1179648K
  class space    used 8184K, committed 8960K, reserved 1048576K
}
Event: 332.163 GC heap after
{Heap after GC invocations=1793 (full 3):
 PSYoungGen      total 14848K, used 352K [0x00000000d5580000, 0x00000000d6600000, 0x0000000100000000)
  eden space 14336K, 0% used [0x00000000d5580000,0x00000000d5580000,0x00000000d6380000)
  from space 512K, 68% used [0x00000000d6580000,0x00000000d65d8000,0x00000000d6600000)
  to   space 512K, 0% used [0x00000000d6500000,0x00000000d6500000,0x00000000d6580000)
 ParOldGen       total 1366528K, used 1366386K [0x0000000080000000, 0x00000000d3680000, 0x00000000d5580000)
  object space 1366528K, 99% used [0x0000000080000000,0x00000000d365c8b0,0x00000000d3680000)
 Metaspace       used 80459K, committed 82176K, reserved 1179648K
  class space    used 8184K, committed 8960K, reserved 1048576K
}
Event: 332.181 GC heap before
{Heap before GC invocations=1794 (full 3):
 PSYoungGen      total 14848K, used 14688K [0x00000000d5580000, 0x00000000d6600000, 0x0000000100000000)
  eden space 14336K, 100% used [0x00000000d5580000,0x00000000d6380000,0x00000000d6380000)
  from space 512K, 68% used [0x00000000d6580000,0x00000000d65d8000,0x00000000d6600000)
  to   space 512K, 0% used [0x00000000d6500000,0x00000000d6500000,0x00000000d6580000)
 ParOldGen       total 1366528K, used 1366386K [0x0000000080000000, 0x00000000d3680000, 0x00000000d5580000)
  object space 1366528K, 99% used [0x0000000080000000,0x00000000d365c8b0,0x00000000d3680000)
 Metaspace       used 80459K, committed 82176K, reserved 1179648K
  class space    used 8184K, committed 8960K, reserved 1048576K
}
Event: 332.185 GC heap after
{Heap after GC invocations=1794 (full 3):
 PSYoungGen      total 14848K, used 352K [0x00000000d5580000, 0x00000000d6600000, 0x0000000100000000)
  eden space 14336K, 0% used [0x00000000d5580000,0x00000000d5580000,0x00000000d6380000)
  from space 512K, 68% used [0x00000000d6500000,0x00000000d6558000,0x00000000d6580000)
  to   space 512K, 0% used [0x00000000d6580000,0x00000000d6580000,0x00000000d6600000)
 ParOldGen       total 1367040K, used 1366658K [0x0000000080000000, 0x00000000d3700000, 0x00000000d5580000)
  object space 1367040K, 99% used [0x0000000080000000,0x00000000d36a08b0,0x00000000d3700000)
 Metaspace       used 80459K, committed 82176K, reserved 1179648K
  class space    used 8184K, committed 8960K, reserved 1048576K
}
Event: 332.212 GC heap before
{Heap before GC invocations=1795 (full 3):
 PSYoungGen      total 14848K, used 14688K [0x00000000d5580000, 0x00000000d6600000, 0x0000000100000000)
  eden space 14336K, 100% used [0x00000000d5580000,0x00000000d6380000,0x00000000d6380000)
  from space 512K, 68% used [0x00000000d6500000,0x00000000d6558000,0x00000000d6580000)
  to   space 512K, 0% used [0x00000000d6580000,0x00000000d6580000,0x00000000d6600000)
 ParOldGen       total 1367040K, used 1366658K [0x0000000080000000, 0x00000000d3700000, 0x00000000d5580000)
  object space 1367040K, 99% used [0x0000000080000000,0x00000000d36a08b0,0x00000000d3700000)
 Metaspace       used 80459K, committed 82176K, reserved 1179648K
  class space    used 8184K, committed 8960K, reserved 1048576K
}
Event: 332.215 GC heap after
{Heap after GC invocations=1795 (full 3):
 PSYoungGen      total 14848K, used 510K [0x00000000d5580000, 0x00000000d6680000, 0x0000000100000000)
  eden space 14336K, 0% used [0x00000000d5580000,0x00000000d5580000,0x00000000d6380000)
  from space 512K, 99% used [0x00000000d6580000,0x00000000d65ffb90,0x00000000d6600000)
  to   space 1536K, 0% used [0x00000000d6380000,0x00000000d6380000,0x00000000d6500000)
 ParOldGen       total 1367552K, used 1367106K [0x0000000080000000, 0x00000000d3780000, 0x00000000d5580000)
  object space 1367552K, 99% used [0x0000000080000000,0x00000000d37108b0,0x00000000d3780000)
 Metaspace       used 80459K, committed 82176K, reserved 1179648K
  class space    used 8184K, committed 8960K, reserved 1048576K
}
Event: 332.239 GC heap before
{Heap before GC invocations=1796 (full 3):
 PSYoungGen      total 14848K, used 14846K [0x00000000d5580000, 0x00000000d6680000, 0x0000000100000000)
  eden space 14336K, 100% used [0x00000000d5580000,0x00000000d6380000,0x00000000d6380000)
  from space 512K, 99% used [0x00000000d6580000,0x00000000d65ffb90,0x00000000d6600000)
  to   space 1536K, 0% used [0x00000000d6380000,0x00000000d6380000,0x00000000d6500000)
 ParOldGen       total 1367552K, used 1367106K [0x0000000080000000, 0x00000000d3780000, 0x00000000d5580000)
  object space 1367552K, 99% used [0x0000000080000000,0x00000000d37108b0,0x00000000d3780000)
 Metaspace       used 80459K, committed 82176K, reserved 1179648K
  class space    used 8184K, committed 8960K, reserved 1048576K
}
Event: 332.242 GC heap after
{Heap after GC invocations=1796 (full 3):
 PSYoungGen      total 15872K, used 781K [0x00000000d5580000, 0x00000000d6600000, 0x0000000100000000)
  eden space 14336K, 0% used [0x00000000d5580000,0x00000000d5580000,0x00000000d6380000)
  from space 1536K, 50% used [0x00000000d6380000,0x00000000d6443668,0x00000000d6500000)
  to   space 1024K, 0% used [0x00000000d6500000,0x00000000d6500000,0x00000000d6600000)
 ParOldGen       total 1368064K, used 1367637K [0x0000000080000000, 0x00000000d3800000, 0x00000000d5580000)
  object space 1368064K, 99% used [0x0000000080000000,0x00000000d37954e0,0x00000000d3800000)
 Metaspace       used 80459K, committed 82176K, reserved 1179648K
  class space    used 8184K, committed 8960K, reserved 1048576K
}
Event: 332.269 GC heap before
{Heap before GC invocations=1797 (full 3):
 PSYoungGen      total 15872K, used 15117K [0x00000000d5580000, 0x00000000d6600000, 0x0000000100000000)
  eden space 14336K, 100% used [0x00000000d5580000,0x00000000d6380000,0x00000000d6380000)
  from space 1536K, 50% used [0x00000000d6380000,0x00000000d6443668,0x00000000d6500000)
  to   space 1024K, 0% used [0x00000000d6500000,0x00000000d6500000,0x00000000d6600000)
 ParOldGen       total 1368064K, used 1367637K [0x0000000080000000, 0x00000000d3800000, 0x00000000d5580000)
  object space 1368064K, 99% used [0x0000000080000000,0x00000000d37954e0,0x00000000d3800000)
 Metaspace       used 80459K, committed 82176K, reserved 1179648K
  class space    used 8184K, committed 8960K, reserved 1048576K
}
Event: 332.272 GC heap after
{Heap after GC invocations=1797 (full 3):
 PSYoungGen      total 14336K, used 1018K [0x00000000d5580000, 0x00000000d6880000, 0x0000000100000000)
  eden space 13312K, 0% used [0x00000000d5580000,0x00000000d5580000,0x00000000d6280000)
  from space 1024K, 99% used [0x00000000d6500000,0x00000000d65fea48,0x00000000d6600000)
  to   space 2560K, 0% used [0x00000000d6280000,0x00000000d6280000,0x00000000d6500000)
 ParOldGen       total 1368576K, used 1368554K [0x0000000080000000, 0x00000000d3880000, 0x00000000d5580000)
  object space 1368576K, 99% used [0x0000000080000000,0x00000000d387a8e8,0x00000000d3880000)
 Metaspace       used 80459K, committed 82176K, reserved 1179648K
  class space    used 8184K, committed 8960K, reserved 1048576K
}
Event: 332.295 GC heap before
{Heap before GC invocations=1798 (full 3):
 PSYoungGen      total 14336K, used 14330K [0x00000000d5580000, 0x00000000d6880000, 0x0000000100000000)
  eden space 13312K, 100% used [0x00000000d5580000,0x00000000d6280000,0x00000000d6280000)
  from space 1024K, 99% used [0x00000000d6500000,0x00000000d65fea48,0x00000000d6600000)
  to   space 2560K, 0% used [0x00000000d6280000,0x00000000d6280000,0x00000000d6500000)
 ParOldGen       total 1368576K, used 1368554K [0x0000000080000000, 0x00000000d3880000, 0x00000000d5580000)
  object space 1368576K, 99% used [0x0000000080000000,0x00000000d387a8e8,0x00000000d3880000)
 Metaspace       used 80459K, committed 82176K, reserved 1179648K
  class space    used 8184K, committed 8960K, reserved 1048576K
}
Event: 332.299 GC heap after
{Heap after GC invocations=1798 (full 3):
 PSYoungGen      total 14336K, used 830K [0x00000000d5580000, 0x00000000d6580000, 0x0000000100000000)
  eden space 13312K, 0% used [0x00000000d5580000,0x00000000d5580000,0x00000000d6280000)
  from space 1024K, 81% used [0x00000000d6280000,0x00000000d634f8f8,0x00000000d6380000)
  to   space 1536K, 0% used [0x00000000d6400000,0x00000000d6400000,0x00000000d6580000)
 ParOldGen       total 1370112K, used 1369605K [0x0000000080000000, 0x00000000d3a00000, 0x00000000d5580000)
  object space 1370112K, 99% used [0x0000000080000000,0x00000000d3981780,0x00000000d3a00000)
 Metaspace       used 80459K, committed 82176K, reserved 1179648K
  class space    used 8184K, committed 8960K, reserved 1048576K
}
Event: 463.300 GC heap before
{Heap before GC invocations=1799 (full 3):
 PSYoungGen      total 14336K, used 13157K [0x00000000d5580000, 0x00000000d6580000, 0x0000000100000000)
  eden space 13312K, 92% used [0x00000000d5580000,0x00000000d6189d18,0x00000000d6280000)
  from space 1024K, 81% used [0x00000000d6280000,0x00000000d634f8f8,0x00000000d6380000)
  to   space 1536K, 0% used [0x00000000d6400000,0x00000000d6400000,0x00000000d6580000)
 ParOldGen       total 1398272K, used 1388805K [0x0000000080000000, 0x00000000d5580000, 0x00000000d5580000)
  object space 1398272K, 99% used [0x0000000080000000,0x00000000d4c417a0,0x00000000d5580000)
 Metaspace       used 80473K, committed 82240K, reserved 1179648K
  class space    used 8185K, committed 8960K, reserved 1048576K
}
Event: 463.308 GC heap after
{Heap after GC invocations=1799 (full 3):
 PSYoungGen      total 14336K, used 1520K [0x00000000d5580000, 0x00000000d6680000, 0x0000000100000000)
  eden space 12800K, 0% used [0x00000000d5580000,0x00000000d5580000,0x00000000d6200000)
  from space 1536K, 98% used [0x00000000d6400000,0x00000000d657c010,0x00000000d6580000)
  to   space 2048K, 0% used [0x00000000d6200000,0x00000000d6200000,0x00000000d6400000)
 ParOldGen       total 1398272K, used 1389101K [0x0000000080000000, 0x00000000d5580000, 0x00000000d5580000)
  object space 1398272K, 99% used [0x0000000080000000,0x00000000d4c8b7a0,0x00000000d5580000)
 Metaspace       used 80473K, committed 82240K, reserved 1179648K
  class space    used 8185K, committed 8960K, reserved 1048576K
}
Event: 463.363 GC heap before
{Heap before GC invocations=1800 (full 3):
 PSYoungGen      total 14336K, used 14320K [0x00000000d5580000, 0x00000000d6680000, 0x0000000100000000)
  eden space 12800K, 100% used [0x00000000d5580000,0x00000000d6200000,0x00000000d6200000)
  from space 1536K, 98% used [0x00000000d6400000,0x00000000d657c010,0x00000000d6580000)
  to   space 2048K, 0% used [0x00000000d6200000,0x00000000d6200000,0x00000000d6400000)
 ParOldGen       total 1398272K, used 1389101K [0x0000000080000000, 0x00000000d5580000, 0x00000000d5580000)
  object space 1398272K, 99% used [0x0000000080000000,0x00000000d4c8b7a0,0x00000000d5580000)
 Metaspace       used 80474K, committed 82240K, reserved 1179648K
  class space    used 8185K, committed 8960K, reserved 1048576K
}
Event: 463.368 GC heap after
{Heap after GC invocations=1800 (full 3):
 PSYoungGen      total 13312K, used 288K [0x00000000d5580000, 0x00000000d6480000, 0x0000000100000000)
  eden space 12800K, 0% used [0x00000000d5580000,0x00000000d5580000,0x00000000d6200000)
  from space 512K, 56% used [0x00000000d6200000,0x00000000d6248000,0x00000000d6280000)
  to   space 1024K, 0% used [0x00000000d6380000,0x00000000d6380000,0x00000000d6480000)
 ParOldGen       total 1398272K, used 1390529K [0x0000000080000000, 0x00000000d5580000, 0x00000000d5580000)
  object space 1398272K, 99% used [0x0000000080000000,0x00000000d4df07b0,0x00000000d5580000)
 Metaspace       used 80474K, committed 82240K, reserved 1179648K
  class space    used 8185K, committed 8960K, reserved 1048576K
}
Event: 1731.897 GC heap before
{Heap before GC invocations=1801 (full 4):
 PSYoungGen      total 13312K, used 10008K [0x00000000d5580000, 0x00000000d6480000, 0x0000000100000000)
  eden space 12800K, 75% used [0x00000000d5580000,0x00000000d5efe290,0x00000000d6200000)
  from space 512K, 56% used [0x00000000d6200000,0x00000000d6248000,0x00000000d6280000)
  to   space 1024K, 0% used [0x00000000d6380000,0x00000000d6380000,0x00000000d6480000)
 ParOldGen       total 1398272K, used 1398209K [0x0000000080000000, 0x00000000d5580000, 0x00000000d5580000)
  object space 1398272K, 99% used [0x0000000080000000,0x00000000d55707c0,0x00000000d5580000)
 Metaspace       used 80494K, committed 82240K, reserved 1179648K
  class space    used 8187K, committed 8960K, reserved 1048576K
}
Event: 1736.549 GC heap after
{Heap after GC invocations=1801 (full 4):
 PSYoungGen      total 13312K, used 0K [0x00000000d5580000, 0x00000000d6400000, 0x0000000100000000)
  eden space 12800K, 0% used [0x00000000d5580000,0x00000000d5580000,0x00000000d6200000)
  from space 512K, 0% used [0x00000000d6380000,0x00000000d6380000,0x00000000d6400000)
  to   space 1024K, 0% used [0x00000000d6200000,0x00000000d6200000,0x00000000d6300000)
 ParOldGen       total 171520K, used 144712K [0x0000000080000000, 0x000000008a780000, 0x00000000d5580000)
  object space 171520K, 84% used [0x0000000080000000,0x0000000088d520c8,0x000000008a780000)
 Metaspace       used 80058K, committed 81856K, reserved 1179648K
  class space    used 8146K, committed 8960K, reserved 1048576K
}
Event: 1736.698 GC heap before
{Heap before GC invocations=1802 (full 4):
 PSYoungGen      total 13312K, used 12800K [0x00000000d5580000, 0x00000000d6400000, 0x0000000100000000)
  eden space 12800K, 100% used [0x00000000d5580000,0x00000000d6200000,0x00000000d6200000)
  from space 512K, 0% used [0x00000000d6380000,0x00000000d6380000,0x00000000d6400000)
  to   space 1024K, 0% used [0x00000000d6200000,0x00000000d6200000,0x00000000d6300000)
 ParOldGen       total 171520K, used 156232K [0x0000000080000000, 0x000000008a780000, 0x00000000d5580000)
  object space 171520K, 91% used [0x0000000080000000,0x00000000898920d8,0x000000008a780000)
 Metaspace       used 80083K, committed 81856K, reserved 1179648K
  class space    used 8148K, committed 8960K, reserved 1048576K
}
Event: 1736.737 GC heap after
{Heap after GC invocations=1802 (full 4):
 PSYoungGen      total 13824K, used 448K [0x00000000d5580000, 0x00000000d6400000, 0x0000000100000000)
  eden space 12800K, 0% used [0x00000000d5580000,0x00000000d5580000,0x00000000d6200000)
  from space 1024K, 43% used [0x00000000d6200000,0x00000000d6270000,0x00000000d6300000)
  to   space 512K, 0% used [0x00000000d6380000,0x00000000d6380000,0x00000000d6400000)
 ParOldGen       total 171520K, used 167760K [0x0000000080000000, 0x000000008a780000, 0x00000000d5580000)
  object space 171520K, 97% used [0x0000000080000000,0x000000008a3d40e8,0x000000008a780000)
 Metaspace       used 80083K, committed 81856K, reserved 1179648K
  class space    used 8148K, committed 8960K, reserved 1048576K
}

